<?xml version="1.0" encoding="UTF-8"?>
<testsuite xmlns:xsi="http://www.w3.org/2001/XMLSchema-instance" xsi:noNamespaceSchemaLocation="https://maven.apache.org/surefire/maven-surefire-plugin/xsd/surefire-test-report-3.0.xsd" version="3.0" name="vn.quyen.AppTest" time="7.089" tests="3" errors="0" skipped="0" failures="0">
  <properties>
[...]
</properties>
  <testcase name="testHttpFillWithBase64" classname="vn.quyen.AppTest" time="3.161">
    <system-out><![CDATA[14:27:29.215 [main] INFO org.springframework.test.context.support.AnnotationConfigContextLoaderUtils -- Could not detect default configuration classes for test class [vn.quyen.AppTest]: AppTest does not declare any static, non-private, non-final, nested classes annotated with @Configuration.
14:27:29.450 [main] INFO org.springframework.boot.test.context.SpringBootTestContextBootstrapper -- Found @SpringBootConfiguration vn.quyen.App for test class vn.quyen.AppTest

  .   ____          _            __ _ _
 /\\ / ___'_ __ _ _(_)_ __  __ _ \ \ \ \
( ( )\___ | '_ | '_| | '_ \/ _` | \ \ \ \
 \\/  ___)| |_)| | | | | || (_| |  ) ) ) )
  '  |____| .__|_| |_|_| |_\__, | / / / /
 =========|_|==============|___/=/_/_/_/
 :: Spring Boot ::                (v3.1.5)

2025-09-26T14:27:30.235+07:00  WARN 7348 --- [           main] ory$DuplicateJsonObjectContextCustomizer : 

Found multiple occurrences of org.json.JSONObject on the class path:

	jar:file:/C:/Users/Quyen/.m2/repository/org/json/json/20231013/json-20231013.jar!/org/json/JSONObject.class
	jar:file:/C:/Users/Quyen/.m2/repository/com/vaadin/external/google/android-json/0.0.20131108.vaadin1/android-json-0.0.20131108.vaadin1.jar!/org/json/JSONObject.class

You may wish to exclude one of them to ensure predictable runtime behavior

2025-09-26T14:27:30.263+07:00  INFO 7348 --- [           main] vn.quyen.AppTest                         : Starting AppTest using Java 21.0.5 with PID 7348 (started by Quyen in D:\05_Learning\Java\Itext7\pdffiller)
2025-09-26T14:27:30.264+07:00  INFO 7348 --- [           main] vn.quyen.AppTest                         : No active profile set, falling back to 1 default profile: "default"
2025-09-26T14:27:32.189+07:00  INFO 7348 --- [           main] o.s.b.a.w.s.WelcomePageHandlerMapping    : Adding welcome page: class path resource [static/index.html]
2025-09-26T14:27:32.526+07:00  INFO 7348 --- [           main] o.s.b.t.m.w.SpringBootMockServletContext : Initializing Spring TestDispatcherServlet ''
2025-09-26T14:27:32.526+07:00  INFO 7348 --- [           main] o.s.t.web.servlet.TestDispatcherServlet  : Initializing Servlet ''
2025-09-26T14:27:32.534+07:00  INFO 7348 --- [           main] o.s.t.web.servlet.TestDispatcherServlet  : Completed initialization in 2 ms
2025-09-26T14:27:32.589+07:00  INFO 7348 --- [           main] vn.quyen.AppTest                         : Started AppTest in 3.033 seconds (process running for 4.86)
]]></system-out>
    <system-err><![CDATA[WARNING: A Java agent has been loaded dynamically (C:\Users\Quyen\.m2\repository\net\bytebuddy\byte-buddy-agent\1.14.9\byte-buddy-agent-1.14.9.jar)
WARNING: If a serviceability tool is in use, please run with -XX:+EnableDynamicAgentLoading to hide this warning
WARNING: If a serviceability tool is not in use, please run with -Djdk.instrument.traceUsage for more information
WARNING: Dynamic loading of agents will be disallowed by default in a future release
]]></system-err>
  </testcase>
  <testcase name="testDirectCallToPdfFillService" classname="vn.quyen.AppTest" time="0.063"/>
  <testcase name="testHttpFillWithRawFile" classname="vn.quyen.AppTest" time="0.09"/>
</testsuite>